<?xml version="1.0" encoding="UTF-8"?>
<!-- Generated by org.testng.reporters.JUnitXMLReporter -->
<testsuite ignored="0" hostname="DESKTOP-RCT1VEK" failures="1" tests="1" name="Test" time="0.006" errors="0" timestamp="2023-06-22T09:00:41 ICT">
  <testcase classname="testng.CalculatorTest" name="plusTest" time="0.002">
    <failure type="java.lang.AssertionError" message="expected [10] but found [-1]">
      <![CDATA[java.lang.AssertionError: expected [10] but found [-1]
at testng.CalculatorTest.plusTest(CalculatorTest.java:30)
at java.base/java.util.ArrayList.forEach(ArrayList.java:1511)
... Removed 32 stack frames]]>
    </failure>
  </testcase> <!-- plusTest -->
</testsuite> <!-- Test -->
